[INFO] 22:07:08:445 tp0/(5193:5193): Soy un log
[INFO] 22:08:13:119 tp0/(5236:5236): Soy un log
[INFO] 22:08:34:953 tp0/(5263:5263): Soy un log
[INFO] 22:20:32:615 tp0/(5618:5618): Soy un log
[INFO] 22:20:32:628 tp0/(5618:5618): Hola, soy un valor
[INFO] 22:35:52:990 tp0/(5933:5933): Soy un log
[INFO] 22:35:52:991 tp0/(5933:5933): Hola, soy un valor
[INFO] 22:37:32:200 tp0/(6010:6010): Soy un log
[INFO] 22:37:32:234 tp0/(6010:6010): Hola, soy un valor
[INFO] 22:39:02:843 tp0/(6099:6099): Soy un log
[INFO] 22:39:02:856 tp0/(6099:6099): Hola, soy un valor
[INFO] 22:40:15:284 tp0/(6170:6170): Soy un log
[INFO] 22:40:15:285 tp0/(6170:6170): Hola, soy un valor
[INFO] 22:42:26:44 tp0/(6217:6217): Soy un log
[INFO] 22:42:26:45 tp0/(6217:6217): Hola, soy un valor
[INFO] 22:43:23:896 tp0/(6239:6239): Soy un log
[INFO] 22:43:23:900 tp0/(6239:6239): Hola, soy un valor
[INFO] 22:43:30:468 tp0/(6243:6243): Soy un log
[INFO] 22:43:30:473 tp0/(6243:6243): Hola, soy un valor
[INFO] 22:44:29:284 tp0/(6284:6284): Soy un log
[INFO] 22:44:29:288 tp0/(6284:6284): Hola, soy un valor
[INFO] 22:44:32:363 tp0/(6284:6284): hola
[INFO] 22:45:27:315 tp0/(6284:6284): que
[INFO] 22:45:28:802 tp0/(6284:6284): tal
[INFO] 23:03:51:625 tp0/(6685:6685): Soy un log
[INFO] 23:03:51:637 tp0/(6685:6685): Hola, soy un valor
[INFO] 23:10:26:905 tp0/(6806:6806): Soy un log
[INFO] 23:10:26:913 tp0/(6806:6806): Hola, soy un valor
[INFO] 23:30:05:472 tp0/(7508:7508): Soy un log
[INFO] 23:30:05:475 tp0/(7508:7508): Hola, soy un valor
[INFO] 21:19:56:328 tp0/(7152:7152): Soy un log
[INFO] 21:19:56:390 tp0/(7152:7152): Hola, soy un valor
[INFO] 21:22:24:84 tp0/(7250:7250): Soy un log
[INFO] 21:22:24:96 tp0/(7250:7250): Hola, soy un valor
[INFO] 21:23:03:969 tp0/(7362:7362): Soy un log
[INFO] 21:23:03:977 tp0/(7362:7362): Hola, soy un valor
